#
# There is insufficient memory for the Java Runtime Environment to continue.
# Native memory allocation (mmap) failed to map 134217728 bytes for committing reserved memory.
# Possible reasons:
#   The system is out of physical RAM or swap space
#   The process is running with CompressedOops enabled, and the Java Heap may be blocking the growth of the native heap
# Possible solutions:
#   Reduce memory load on the system
#   Increase physical memory or swap space
#   Check if swap backing store is full
#   Decrease Java heap size (-Xmx/-Xms)
#   Decrease number of Java threads
#   Decrease Java thread stack sizes (-Xss)
#   Set larger code cache with -XX:ReservedCodeCacheSize=
#   JVM is running with Unscaled Compressed Oops mode in which the Java heap is
#     placed in the first 4GB address space. The Java Heap base address is the
#     maximum limit for the native heap growth. Please use -XX:HeapBaseMinAddress
#     to set the Java Heap base and to place the Java Heap above 4GB virtual address.
# This output file may be truncated or incomplete.
#
#  Out of Memory Error (os_linux.cpp:2792), pid=10218, tid=0x00007f4120bf3700
#
# JRE version: OpenJDK Runtime Environment (8.0_265-b01) (build 1.8.0_265-8u265-b01-0ubuntu2~18.04-b01)
# Java VM: OpenJDK 64-Bit Server VM (25.265-b01 mixed mode linux-amd64 compressed oops)
# Failed to write core dump. Core dumps have been disabled. To enable core dumping, try "ulimit -c unlimited" before starting Java again
#

---------------  T H R E A D  ---------------

Current thread (0x00007f4138075000):  VMThread [stack: 0x00007f4120af4000,0x00007f4120bf4000] [id=10244]

Stack: [0x00007f4120af4000,0x00007f4120bf4000],  sp=0x00007f4120bf2350,  free space=1016k
Native frames: (J=compiled Java code, j=interpreted, Vv=VM code, C=native code)
V  [libjvm.so+0xabaae2]
V  [libjvm.so+0x4de3f7]
V  [libjvm.so+0x8f0560]
V  [libjvm.so+0x8e74be]
V  [libjvm.so+0x96eb16]
V  [libjvm.so+0x96fe88]
V  [libjvm.so+0x96c1d6]
V  [libjvm.so+0x9647b9]
V  [libjvm.so+0x459883]
V  [libjvm.so+0xabbc51]
V  [libjvm.so+0xac11b6]
V  [libjvm.so+0xabf14e]
V  [libjvm.so+0xabfd5b]
V  [libjvm.so+0xac0198]
V  [libjvm.so+0x8ed782]

VM_Operation (0x00007f413f11e040): CollectForMetadataAllocation, mode: safepoint, requested by thread 0x00007f413800b800


---------------  P R O C E S S  ---------------

Java Threads: ( => current thread )
  0x00007f41380c7800 JavaThread "Service Thread" daemon [_thread_blocked, id=10250, stack(0x00007f41201ae000,0x00007f41202af000)]
  0x00007f41380bb000 JavaThread "C1 CompilerThread1" daemon [_thread_blocked, id=10249, stack(0x00007f41202b0000,0x00007f41203b0000)]
  0x00007f41380b8000 JavaThread "C2 CompilerThread0" daemon [_thread_blocked, id=10248, stack(0x00007f41203b1000,0x00007f41204b1000)]
  0x00007f41380b4000 JavaThread "Signal Dispatcher" daemon [_thread_blocked, id=10247, stack(0x00007f41204b1000,0x00007f41205b2000)]
  0x00007f4138083000 JavaThread "Finalizer" daemon [_thread_blocked, id=10246, stack(0x00007f41208f1000,0x00007f41209f2000)]
  0x00007f413807e800 JavaThread "Reference Handler" daemon [_thread_blocked, id=10245, stack(0x00007f41209f2000,0x00007f4120af3000)]
  0x00007f413800b800 JavaThread "main" [_thread_blocked, id=10241, stack(0x00007f413f021000,0x00007f413f121000)]

Other Threads:
=>0x00007f4138075000 VMThread [stack: 0x00007f4120af4000,0x00007f4120bf4000] [id=10244]
  0x00007f41380ca800 WatcherThread [stack: 0x00007f41200ae000,0x00007f41201ae000] [id=10251]

VM state:at safepoint (normal execution)

VM Mutex/Monitor currently owned by a thread:  ([mutex/lock_event])
[0x00007f4138007fa0] Threads_lock - owner thread: 0x00007f4138075000
[0x00007f41380084a0] Heap_lock - owner thread: 0x00007f413800b800

heap address: 0x00000000c2400000, size: 988 MB, Compressed Oops mode: 32-bit
Narrow klass base: 0x0000000000000000, Narrow klass shift: 3
Compressed class space size: 1073741824 Address: 0x0000000100000000

Heap:
 PSYoungGen      total 136192K, used 9209K [0x00000000eb700000, 0x00000000f4500000, 0x0000000100000000)
  eden space 126976K, 0% used [0x00000000eb700000,0x00000000eb700000,0x00000000f3300000)
  from space 9216K, 99% used [0x00000000f3300000,0x00000000f3bfe5b8,0x00000000f3c00000)
  to   space 8704K, 0% used [0x00000000f3c80000,0x00000000f3c80000,0x00000000f4500000)
 ParOldGen       total 42496K, used 15216K [0x00000000c2400000, 0x00000000c4d80000, 0x00000000eb700000)
  object space 42496K, 35% used [0x00000000c2400000,0x00000000c32dc3e0,0x00000000c4d80000)
 Metaspace       used 20633K, capacity 21020K, committed 21296K, reserved 1069056K
  class space    used 2419K, capacity 2599K, committed 2688K, reserved 1048576K

Card table byte_map: [0x00007f4128210000,0x00007f41283ff000] byte_map_base: 0x00007f4127bfe000

Marking Bits: (ParMarkBitMap*) 0x00007f413e2c7520
 Begin Bits: [0x00007f4122120000, 0x00007f4123090000)
 End Bits:   [0x00007f4123090000, 0x00007f4124000000)

Polling page: 0x00007f413f148000

CodeCache: size=245760Kb used=13616Kb max_used=13629Kb free=232143Kb
 bounds [0x00007f41287bf000, 0x00007f412951f000, 0x00007f41377bf000]
 total_blobs=4242 nmethods=3893 adapters=263
 compilation: enabled

Compilation events (10 events):
Event: 8.826 Thread 0x00007f41380bb000 3897       3       org.apache.maven.model.InputLocation::setLocation (35 bytes)
Event: 8.826 Thread 0x00007f41380bb000 nmethod 3897 0x00007f41294fc590 code [0x00007f41294fc720, 0x00007f41294fcbc8]
Event: 8.827 Thread 0x00007f41380bb000 3898       3       java.util.AbstractMap::get (96 bytes)
Event: 8.828 Thread 0x00007f41380bb000 nmethod 3898 0x00007f41295134d0 code [0x00007f4129513720, 0x00007f41295144c8]
Event: 8.828 Thread 0x00007f41380bb000 3900       1       org.apache.maven.project.MavenProject::getModel (5 bytes)
Event: 8.828 Thread 0x00007f41380bb000 nmethod 3900 0x00007f41294d7550 code [0x00007f41294d76a0, 0x00007f41294d77b0]
Event: 8.837 Thread 0x00007f41380b8000 nmethod 3895 0x00007f4129518150 code [0x00007f4129518360, 0x00007f4129519018]
Event: 8.837 Thread 0x00007f41380b8000 3899       4       org.eclipse.sisu.plexus.DefaultPlexusBeans$Itr::hasNext (10 bytes)
Event: 8.837 Thread 0x00007f41380b8000 nmethod 3899 0x00007f4129515190 code [0x00007f41295152e0, 0x00007f41295153a8]
Event: 8.870 Thread 0x00007f41380b8000 3901       4       java.net.URLStreamHandler::parseURL (1193 bytes)

GC Heap History (10 events):
Event: 0.542 GC heap after
Heap after GC invocations=2 (full 0):
 PSYoungGen      total 34304K, used 2534K [0x00000000eb700000, 0x00000000edb00000, 0x0000000100000000)
  eden space 31744K, 0% used [0x00000000eb700000,0x00000000eb700000,0x00000000ed600000)
  from space 2560K, 99% used [0x00000000ed880000,0x00000000edaf9b68,0x00000000edb00000)
  to   space 2560K, 0% used [0x00000000ed600000,0x00000000ed600000,0x00000000ed880000)
 ParOldGen       total 42496K, used 859K [0x00000000c2400000, 0x00000000c4d80000, 0x00000000eb700000)
  object space 42496K, 2% used [0x00000000c2400000,0x00000000c24d6c90,0x00000000c4d80000)
 Metaspace       used 8020K, capacity 8124K, committed 8320K, reserved 1056768K
  class space    used 974K, capacity 1048K, committed 1152K, reserved 1048576K
}
Event: 0.921 GC heap before
{Heap before GC invocations=3 (full 0):
 PSYoungGen      total 34304K, used 34278K [0x00000000eb700000, 0x00000000edb00000, 0x0000000100000000)
  eden space 31744K, 100% used [0x00000000eb700000,0x00000000ed600000,0x00000000ed600000)
  from space 2560K, 99% used [0x00000000ed880000,0x00000000edaf9b68,0x00000000edb00000)
  to   space 2560K, 0% used [0x00000000ed600000,0x00000000ed600000,0x00000000ed880000)
 ParOldGen       total 42496K, used 859K [0x00000000c2400000, 0x00000000c4d80000, 0x00000000eb700000)
  object space 42496K, 2% used [0x00000000c2400000,0x00000000c24d6c90,0x00000000c4d80000)
 Metaspace       used 11396K, capacity 11528K, committed 11776K, reserved 1058816K
  class space    used 1397K, capacity 1476K, committed 1536K, reserved 1048576K
Event: 0.939 GC heap after
Heap after GC invocations=3 (full 0):
 PSYoungGen      total 34304K, used 2544K [0x00000000eb700000, 0x00000000efa00000, 0x0000000100000000)
  eden space 31744K, 0% used [0x00000000eb700000,0x00000000eb700000,0x00000000ed600000)
  from space 2560K, 99% used [0x00000000ed600000,0x00000000ed87c010,0x00000000ed880000)
  to   space 2560K, 0% used [0x00000000ef780000,0x00000000ef780000,0x00000000efa00000)
 ParOldGen       total 42496K, used 4707K [0x00000000c2400000, 0x00000000c4d80000, 0x00000000eb700000)
  object space 42496K, 11% used [0x00000000c2400000,0x00000000c2898fe8,0x00000000c4d80000)
 Metaspace       used 11396K, capacity 11528K, committed 11776K, reserved 1058816K
  class space    used 1397K, capacity 1476K, committed 1536K, reserved 1048576K
}
Event: 1.442 GC heap before
{Heap before GC invocations=4 (full 0):
 PSYoungGen      total 34304K, used 34288K [0x00000000eb700000, 0x00000000efa00000, 0x0000000100000000)
  eden space 31744K, 100% used [0x00000000eb700000,0x00000000ed600000,0x00000000ed600000)
  from space 2560K, 99% used [0x00000000ed600000,0x00000000ed87c010,0x00000000ed880000)
  to   space 2560K, 0% used [0x00000000ef780000,0x00000000ef780000,0x00000000efa00000)
 ParOldGen       total 42496K, used 4707K [0x00000000c2400000, 0x00000000c4d80000, 0x00000000eb700000)
  object space 42496K, 11% used [0x00000000c2400000,0x00000000c2898fe8,0x00000000c4d80000)
 Metaspace       used 14243K, capacity 14394K, committed 14720K, reserved 1062912K
  class space    used 1745K, capacity 1831K, committed 1920K, reserved 1048576K
Event: 1.455 GC heap after
Heap after GC invocations=4 (full 0):
 PSYoungGen      total 66048K, used 2544K [0x00000000eb700000, 0x00000000efa00000, 0x0000000100000000)
  eden space 63488K, 0% used [0x00000000eb700000,0x00000000eb700000,0x00000000ef500000)
  from space 2560K, 99% used [0x00000000ef780000,0x00000000ef9fc010,0x00000000efa00000)
  to   space 2560K, 0% used [0x00000000ef500000,0x00000000ef500000,0x00000000ef780000)
 ParOldGen       total 42496K, used 7416K [0x00000000c2400000, 0x00000000c4d80000, 0x00000000eb700000)
  object space 42496K, 17% used [0x00000000c2400000,0x00000000c2b3e3d8,0x00000000c4d80000)
 Metaspace       used 14243K, capacity 14394K, committed 14720K, reserved 1062912K
  class space    used 1745K, capacity 1831K, committed 1920K, reserved 1048576K
}
Event: 4.872 GC heap before
{Heap before GC invocations=5 (full 0):
 PSYoungGen      total 66048K, used 66032K [0x00000000eb700000, 0x00000000efa00000, 0x0000000100000000)
  eden space 63488K, 100% used [0x00000000eb700000,0x00000000ef500000,0x00000000ef500000)
  from space 2560K, 99% used [0x00000000ef780000,0x00000000ef9fc010,0x00000000efa00000)
  to   space 2560K, 0% used [0x00000000ef500000,0x00000000ef500000,0x00000000ef780000)
 ParOldGen       total 42496K, used 7416K [0x00000000c2400000, 0x00000000c4d80000, 0x00000000eb700000)
  object space 42496K, 17% used [0x00000000c2400000,0x00000000c2b3e3d8,0x00000000c4d80000)
 Metaspace       used 17402K, capacity 17748K, committed 18048K, reserved 1064960K
  class space    used 2049K, capacity 2148K, committed 2176K, reserved 1048576K
Event: 4.889 GC heap after
Heap after GC invocations=5 (full 0):
 PSYoungGen      total 66048K, used 2528K [0x00000000eb700000, 0x00000000f4600000, 0x0000000100000000)
  eden space 63488K, 0% used [0x00000000eb700000,0x00000000eb700000,0x00000000ef500000)
  from space 2560K, 98% used [0x00000000ef500000,0x00000000ef778020,0x00000000ef780000)
  to   space 9728K, 0% used [0x00000000f3c80000,0x00000000f3c80000,0x00000000f4600000)
 ParOldGen       total 42496K, used 13520K [0x00000000c2400000, 0x00000000c4d80000, 0x00000000eb700000)
  object space 42496K, 31% used [0x00000000c2400000,0x00000000c31343b8,0x00000000c4d80000)
 Metaspace       used 17402K, capacity 17748K, committed 18048K, reserved 1064960K
  class space    used 2049K, capacity 2148K, committed 2176K, reserved 1048576K
}
Event: 6.535 GC heap before
{Heap before GC invocations=6 (full 0):
 PSYoungGen      total 66048K, used 66016K [0x00000000eb700000, 0x00000000f4600000, 0x0000000100000000)
  eden space 63488K, 100% used [0x00000000eb700000,0x00000000ef500000,0x00000000ef500000)
  from space 2560K, 98% used [0x00000000ef500000,0x00000000ef778020,0x00000000ef780000)
  to   space 9728K, 0% used [0x00000000f3c80000,0x00000000f3c80000,0x00000000f4600000)
 ParOldGen       total 42496K, used 13520K [0x00000000c2400000, 0x00000000c4d80000, 0x00000000eb700000)
  object space 42496K, 31% used [0x00000000c2400000,0x00000000c31343b8,0x00000000c4d80000)
 Metaspace       used 18260K, capacity 18632K, committed 18944K, reserved 1067008K
  class space    used 2122K, capacity 2250K, committed 2304K, reserved 1048576K
Event: 6.550 GC heap after
Heap after GC invocations=6 (full 0):
 PSYoungGen      total 135680K, used 5787K [0x00000000eb700000, 0x00000000f4500000, 0x0000000100000000)
  eden space 126976K, 0% used [0x00000000eb700000,0x00000000eb700000,0x00000000f3300000)
  from space 8704K, 66% used [0x00000000f3c80000,0x00000000f4226ef8,0x00000000f4500000)
  to   space 9216K, 0% used [0x00000000f3300000,0x00000000f3300000,0x00000000f3c00000)
 ParOldGen       total 42496K, used 13528K [0x00000000c2400000, 0x00000000c4d80000, 0x00000000eb700000)
  object space 42496K, 31% used [0x00000000c2400000,0x00000000c31363b8,0x00000000c4d80000)
 Metaspace       used 18260K, capacity 18632K, committed 18944K, reserved 1067008K
  class space    used 2122K, capacity 2250K, committed 2304K, reserved 1048576K
}
Event: 8.871 GC heap before
{Heap before GC invocations=7 (full 0):
 PSYoungGen      total 135680K, used 76455K [0x00000000eb700000, 0x00000000f4500000, 0x0000000100000000)
  eden space 126976K, 55% used [0x00000000eb700000,0x00000000efc02d40,0x00000000f3300000)
  from space 8704K, 66% used [0x00000000f3c80000,0x00000000f4226ef8,0x00000000f4500000)
  to   space 9216K, 0% used [0x00000000f3300000,0x00000000f3300000,0x00000000f3c00000)
 ParOldGen       total 42496K, used 13528K [0x00000000c2400000, 0x00000000c4d80000, 0x00000000eb700000)
  object space 42496K, 31% used [0x00000000c2400000,0x00000000c31363b8,0x00000000c4d80000)
 Metaspace       used 20633K, capacity 21020K, committed 21296K, reserved 1069056K
  class space    used 2419K, capacity 2599K, committed 2688K, reserved 1048576K

Deoptimization events (10 events):
Event: 6.112 Thread 0x00007f413800b800 Uncommon trap: reason=bimorphic action=maybe_recompile pc=0x00007f41291db214 method=java.util.concurrent.ConcurrentHashMap.get(Ljava/lang/Object;)Ljava/lang/Object; @ 149
Event: 6.989 Thread 0x00007f413800b800 Uncommon trap: reason=speculate_class_check action=maybe_recompile pc=0x00007f41290b4fa8 method=java.nio.charset.CharsetDecoder.decode(Ljava/nio/ByteBuffer;Ljava/nio/CharBuffer;Z)Ljava/nio/charset/CoderResult; @ 57
Event: 6.989 Thread 0x00007f413800b800 Uncommon trap: reason=speculate_class_check action=maybe_recompile pc=0x00007f41290b4fa8 method=java.nio.charset.CharsetDecoder.decode(Ljava/nio/ByteBuffer;Ljava/nio/CharBuffer;Z)Ljava/nio/charset/CoderResult; @ 57
Event: 6.990 Thread 0x00007f413800b800 Uncommon trap: reason=speculate_class_check action=maybe_recompile pc=0x00007f41290b4fa8 method=java.nio.charset.CharsetDecoder.decode(Ljava/nio/ByteBuffer;Ljava/nio/CharBuffer;Z)Ljava/nio/charset/CoderResult; @ 57
Event: 6.991 Thread 0x00007f413800b800 Uncommon trap: reason=speculate_class_check action=maybe_recompile pc=0x00007f41290b4fa8 method=java.nio.charset.CharsetDecoder.decode(Ljava/nio/ByteBuffer;Ljava/nio/CharBuffer;Z)Ljava/nio/charset/CoderResult; @ 57
Event: 6.991 Thread 0x00007f413800b800 Uncommon trap: reason=speculate_class_check action=maybe_recompile pc=0x00007f41290cf120 method=java.nio.charset.CharsetDecoder.decode(Ljava/nio/ByteBuffer;Ljava/nio/CharBuffer;Z)Ljava/nio/charset/CoderResult; @ 57
Event: 7.467 Thread 0x00007f413800b800 Uncommon trap: reason=unstable_if action=reinterpret pc=0x00007f4129101a74 method=java.util.zip.InflaterInputStream.read([BII)I @ 41
Event: 7.467 Thread 0x00007f413800b800 Uncommon trap: reason=unstable_if action=reinterpret pc=0x00007f4128ee1624 method=java.util.jar.Manifest$FastInputStream.readLine([BII)I @ 87
Event: 8.314 Thread 0x00007f413800b800 Uncommon trap: reason=unstable_if action=reinterpret pc=0x00007f412916f194 method=java.util.StringTokenizer.setMaxDelimCodePoint()V @ 71
Event: 8.683 Thread 0x00007f413800b800 Uncommon trap: reason=null_check action=make_not_entrant pc=0x00007f4129122cb0 method=org.eclipse.sisu.inject.BeanCache.create(Ljava/lang/annotation/Annotation;Lcom/google/inject/Binding;I)Lorg/eclipse/sisu/BeanEntry; @ 101

Classes redefined (0 events):
No events

Internal exceptions (10 events):
Event: 8.360 Thread 0x00007f413800b800 Exception <a 'java/io/FileNotFoundException'> (0x00000000ee09b3d0) thrown at [/build/openjdk-8-nxKaDu/openjdk-8-8u265-b01/src/hotspot/src/share/vm/prims/jni.cpp, line 711]
Event: 8.360 Thread 0x00007f413800b800 Exception <a 'java/io/FileNotFoundException'> (0x00000000ee09cd98) thrown at [/build/openjdk-8-nxKaDu/openjdk-8-8u265-b01/src/hotspot/src/share/vm/prims/jni.cpp, line 711]
Event: 8.604 Thread 0x00007f413800b800 Exception <a 'java/security/PrivilegedActionException'> (0x00000000ee904530) thrown at [/build/openjdk-8-nxKaDu/openjdk-8-8u265-b01/src/hotspot/src/share/vm/prims/jvm.cpp, line 1512]
Event: 8.604 Thread 0x00007f413800b800 Exception <a 'java/security/PrivilegedActionException'> (0x00000000ee904b10) thrown at [/build/openjdk-8-nxKaDu/openjdk-8-8u265-b01/src/hotspot/src/share/vm/prims/jvm.cpp, line 1512]
Event: 8.604 Thread 0x00007f413800b800 Exception <a 'java/security/PrivilegedActionException'> (0x00000000ee905eb0) thrown at [/build/openjdk-8-nxKaDu/openjdk-8-8u265-b01/src/hotspot/src/share/vm/prims/jvm.cpp, line 1512]
Event: 8.604 Thread 0x00007f413800b800 Exception <a 'java/security/PrivilegedActionException'> (0x00000000ee906490) thrown at [/build/openjdk-8-nxKaDu/openjdk-8-8u265-b01/src/hotspot/src/share/vm/prims/jvm.cpp, line 1512]
Event: 8.605 Thread 0x00007f413800b800 Exception <a 'java/lang/NoClassDefFoundError': org/codehaus/plexus/util/interpolation/ValueSource> (0x00000000ee9105a8) thrown at [/build/openjdk-8-nxKaDu/openjdk-8-8u265-b01/src/hotspot/src/share/vm/classfile/systemDictionary.cpp, line 204]
Event: 8.609 Thread 0x00007f413800b800 Exception <a 'java/lang/NoClassDefFoundError': com/sun/mirror/apt/AnnotationProcessorFactory> (0x00000000ee98b1e0) thrown at [/build/openjdk-8-nxKaDu/openjdk-8-8u265-b01/src/hotspot/src/share/vm/classfile/systemDictionary.cpp, line 204]
Event: 8.624 Thread 0x00007f413800b800 Exception <a 'java/lang/NoClassDefFoundError': org/sonatype/aether/version/VersionConstraint> (0x00000000eeb6c0c0) thrown at [/build/openjdk-8-nxKaDu/openjdk-8-8u265-b01/src/hotspot/src/share/vm/classfile/systemDictionary.cpp, line 204]
Event: 8.683 Thread 0x00007f413800b800 Implicit null exception at 0x00007f4129121aef to 0x00007f4129122c8d

Events (10 events):
Event: 8.848 loading class org/apache/maven/graph/DefaultProjectDependencyGraph done
Event: 8.855 loading class org/apache/maven/project/ProjectSorter
Event: 8.855 loading class org/apache/maven/project/ProjectSorter done
Event: 8.857 loading class org/codehaus/plexus/util/dag/DAG
Event: 8.857 loading class org/codehaus/plexus/util/dag/DAG done
Event: 8.870 loading class org/codehaus/plexus/util/dag/Vertex
Event: 8.870 loading class org/codehaus/plexus/util/dag/Vertex done
Event: 8.870 loading class org/codehaus/plexus/util/dag/CycleDetector
Event: 8.870 loading class org/codehaus/plexus/util/dag/CycleDetector done
Event: 8.871 Executing VM operation: CollectForMetadataAllocation


Dynamic libraries:
c2400000-c4d80000 rw-p 00000000 00:00 0 
c4d80000-eb700000 ---p 00000000 00:00 0 
eb700000-f4500000 rw-p 00000000 00:00 0 
fc500000-100000000 ---p 00000000 00:00 0 
100000000-1002a0000 rw-p 00000000 00:00 0 
1002a0000-140000000 ---p 00000000 00:00 0 
56535cf48000-56535cf49000 r-xp 00000000 fc:01 1816964                    /usr/lib/jvm/java-8-openjdk-amd64/jre/bin/java
56535d148000-56535d149000 r--p 00000000 fc:01 1816964                    /usr/lib/jvm/java-8-openjdk-amd64/jre/bin/java
56535d149000-56535d14a000 rw-p 00001000 fc:01 1816964                    /usr/lib/jvm/java-8-openjdk-amd64/jre/bin/java
56535d56c000-56535d58d000 rw-p 00000000 00:00 0                          [heap]
7f40fac3b000-7f40fac67000 rw-p 00000000 00:00 0 
7f40fac67000-7f40fae3b000 ---p 00000000 00:00 0 
7f40fae3b000-7f40fae60000 r--s 002dc000 fc:01 4408439                    /home/jpco245/.m2/repository/xalan/xalan/2.6.0/xalan-2.6.0.jar
7f40fae60000-7f40fae66000 r--s 00019000 fc:01 4408436                    /home/jpco245/.m2/repository/xerces/xmlParserAPIs/2.6.2/xmlParserAPIs-2.6.2.jar
7f40fae66000-7f40fae69000 r--s 00018000 fc:01 4408438                    /home/jpco245/.m2/repository/xom/xom/1.0/xom-1.0.jar
7f40fae69000-7f40fae7d000 r--s 000e3000 fc:01 4408435                    /home/jpco245/.m2/repository/xerces/xercesImpl/2.6.2/xercesImpl-2.6.2.jar
7f40fae7d000-7f40fae80000 r--s 00023000 fc:01 4408433                    /home/jpco245/.m2/repository/jdom/jdom/1.0/jdom-1.0.jar
7f40fae80000-7f40fae86000 r--s 00032000 fc:01 4408430                    /home/jpco245/.m2/repository/jaxen/jaxen/1.1.1/jaxen-1.1.1.jar
7f40fae86000-7f40fae88000 r--s 00000000 fc:01 4408429                    /home/jpco245/.m2/repository/org/jvnet/maven-jellydoc-plugin/taglib-xml-writer/1.5/taglib-xml-writer-1.5.jar
7f40fae88000-7f40fae89000 r--s 00000000 fc:01 4408427                    /home/jpco245/.m2/repository/org/jvnet/maven-jellydoc-plugin/jellydoc-annotations/1.5/jellydoc-annotations-1.5.jar
7f40fae89000-7f40fae8a000 r--s 00005000 fc:01 4408424                    /home/jpco245/.m2/repository/org/jvnet/maven-jellydoc-plugin/maven-jellydoc-plugin/1.5/maven-jellydoc-plugin-1.5.jar
7f40fae8a000-7f40fae8c000 r--s 00000000 fc:01 4408422                    /home/jpco245/.m2/repository/org/codehaus/plexus/plexus-compiler-manager/1.5.3/plexus-compiler-manager-1.5.3.jar
7f40fae8c000-7f40fae8d000 r--s 00003000 fc:01 4408420                    /home/jpco245/.m2/repository/org/codehaus/plexus/plexus-compiler-javac/1.5.3/plexus-compiler-javac-1.5.3.jar
7f40fae8d000-7f40fae8e000 r--s 00004000 fc:01 4408418                    /home/jpco245/.m2/repository/org/codehaus/plexus/plexus-compiler-api/1.5.3/plexus-compiler-api-1.5.3.jar
7f40fae8e000-7f40fae8f000 r--s 00004000 fc:01 4142891                    /home/jpco245/.m2/repository/org/apache/maven/plugins/maven-compiler-plugin/2.0.2/maven-compiler-plugin-2.0.2.jar
7f40fae8f000-7f40fae92000 r--s 00015000 fc:01 4408416                    /home/jpco245/.m2/repository/qdox/qdox/1.6.1/qdox-1.6.1.jar
7f40fae92000-7f40fae94000 r--s 0000d000 fc:01 4408415                    /home/jpco245/.m2/repository/org/kohsuke/stapler/maven-stapler-plugin/1.16/maven-stapler-plugin-1.16.jar
7f40fae94000-7f40fae96000 r--s 0000e000 fc:01 4133716                    /home/jpco245/.m2/repository/oro/oro/2.0.8/oro-2.0.8.jar
7f40fae96000-7f40fae97000 r--s 00003000 fc:01 4408413                    /home/jpco245/.m2/repository/org/apache/maven/archetype/maven-archetype-model/1.0-alpha-4/maven-archetype-model-1.0-alpha-4.jar
7f40fae97000-7f40fae99000 r--s 00004000 fc:01 4408410                    /home/jpco245/.m2/repository/org/apache/maven/archetype/maven-archetype-creator/1.0-alpha-4/maven-archetype-creator-1.0-alpha-4.jar
7f40fae99000-7f40fae9a000 r--s 00005000 fc:01 4408408                    /home/jpco245/.m2/repository/org/apache/maven/archetype/maven-archetype-core/1.0-alpha-4/maven-archetype-core-1.0-alpha-4.jar
7f40fae9a000-7f40fae9c000 r--s 00001000 fc:01 4408405                    /home/jpco245/.m2/repository/org/apache/maven/plugins/maven-archetype-plugin/1.0-alpha-4/maven-archetype-plugin-1.0-alpha-4.jar
7f40fae9c000-7f40faeaa000 r--s 0007f000 fc:01 4133728                    /home/jpco245/.m2/repository/commons-collections/commons-collections/3.2.1/commons-collections-3.2.1.jar
7f40faeaa000-7f40faeaf000 r--s 00041000 fc:01 4408404                    /home/jpco245/.m2/repository/commons-lang/commons-lang/2.6/commons-lang-2.6.jar
7f40faeaf000-7f40faeb1000 r--s 00006000 fc:01 4142889                    /home/jpco245/.m2/repository/org/apache/maven/shared/maven-invoker/2.0.11/maven-invoker-2.0.11.jar
7f40faeb1000-7f40faeb3000 r--s 00006000 fc:01 4408403                    /home/jpco245/.m2/repository/org/apache/maven/shared/maven-common-artifact-filters/1.4/maven-common-artifact-filters-1.4.jar
7f40faeb3000-7f40faeb7000 r--s 0001d000 fc:01 4131341                    /home/jpco245/.m2/repository/org/eclipse/aether/aether-util/0.9.0.M2/aether-util-0.9.0.M2.jar
7f40faeb7000-7f40faeba000 r--s 0000c000 fc:01 4408399                    /home/jpco245/.m2/repository/org/apache/maven/shared/maven-dependency-tree/2.1/maven-dependency-tree-2.1.jar
7f40faeba000-7f40faebc000 r--s 00000000 fc:01 4134183                    /home/jpco245/.m2/repository/org/codehaus/plexus/plexus-component-annotations/1.5.5/plexus-component-annotations-1.5.5.jar
7f40faebc000-7f40faebe000 r--s 00005000 fc:01 4408398                    /home/jpco245/.m2/repository/org/apache/maven/shared/maven-dependency-analyzer/1.4/maven-dependency-analyzer-1.4.jar
7f40faebe000-7f40faec1000 r--s 0000c000 fc:01 4142888                    /home/jpco245/.m2/repository/org/codehaus/plexus/plexus-io/2.0.6/plexus-io-2.0.6.jar
7f40faec1000-7f40faec3000 r--s 00008000 fc:01 4408384                    /home/jpco245/.m2/repository/org/apache/maven/shared/maven-shared-io/1.1/maven-shared-io-1.1.jar
7f40faec3000-7f40faec5000 r--s 00008000 fc:01 4142885                    /home/jpco245/.m2/repository/org/apache/maven/shared/file-management/1.2.1/file-management-1.2.1.jar
7f40faec5000-7f40faec7000 r--s 00004000 fc:01 4142880                    /home/jpco245/.m2/repository/org/apache/maven/doxia/doxia-module-xhtml/1.0/doxia-module-xhtml-1.0.jar
7f40faec7000-7f40faec8000 r--s 00006000 fc:01 4408386                    /home/jpco245/.m2/repository/org/apache/maven/doxia/doxia-module-xdoc/1.0/doxia-module-xdoc-1.0.jar
7f40faec8000-7f40faec9000 r--s 00004000 fc:01 4408389                    /home/jpco245/.m2/repository/org/apache/maven/doxia/doxia-module-fml/1.0/doxia-module-fml-1.0.jar
7f40faec9000-7f40faecb000 r--s 0000a000 fc:01 4408388                    /home/jpco245/.m2/repository/org/apache/maven/doxia/doxia-module-apt/1.0/doxia-module-apt-1.0.jar
7f40faecb000-7f40faecc000 r--s 0000b000 fc:01 4408387                    /home/jpco245/.m2/repository/org/apache/maven/doxia/doxia-decoration-model/1.0/doxia-decoration-model-1.0.jar
7f40faecc000-7f40faed4000 r--s 00058000 fc:01 4408385                    /home/jpco245/.m2/repository/org/apache/velocity/velocity/1.5/velocity-1.5.jar
7f40faed4000-7f40faed5000 r--s 00001000 fc:01 4408381                    /home/jpco245/.m2/repository/org/codehaus/plexus/plexus-velocity/1.1.7/plexus-velocity-1.1.7.jar
7f40faed5000-7f40faed6000 r--s 00002000 fc:01 4133693                    /home/jpco245/.m2/repository/org/codehaus/plexus/plexus-i18n/1.0-beta-7/plexus-i18n-1.0-beta-7.jar
7f40faed6000-7f40faed8000 r--s 0000a000 fc:01 4408352                    /home/jpco245/.m2/repository/org/apache/maven/doxia/doxia-site-renderer/1.0/doxia-site-renderer-1.0.jar
7f40faed8000-7f40faed9000 r--s 00002000 fc:01 4142881                    /home/jpco245/.m2/repository/org/apache/maven/doxia/doxia-sink-api/1.0/doxia-sink-api-1.0.jar
7f40faed9000-7f40faedd000 r--s 00026000 fc:01 4142879                    /home/jpco245/.m2/repository/commons-digester/commons-digester/1.6/commons-digester-1.6.jar
7f40faedd000-7f40faee0000 r--s 00014000 fc:01 4408378                    /home/jpco245/.m2/repository/commons-validator/commons-validator/1.2.0/commons-validator-1.2.0.jar
7f40faee0000-7f40faee2000 r--s 00009000 fc:01 4408376                    /home/jpco245/.m2/repository/org/apache/maven/shared/maven-doxia-tools/1.0.2/maven-doxia-tools-1.0.2.jar
7f40faee2000-7f40faee5000 r--s 0000b000 fc:01 4408374                    /home/jpco245/.m2/repository/org/apache/maven/doxia/doxia-core/1.0/doxia-core-1.0.jar
7f40faee5000-7f40faee7000 r--s 00004000 fc:01 4408372                    /home/jpco245/.m2/repository/org/apache/maven/reporting/maven-reporting-impl/2.0.5/maven-reporting-impl-2.0.5.jar
7f40faee7000-7f40faee8000 r--s 00002000 fc:01 4133131                    /home/jpco245/.m2/repository/org/apache/maven/reporting/maven-reporting-api/3.0/maven-reporting-api-3.0.jar
7f40faee8000-7f40faeeb000 r--s 00023000 fc:01 4408359                    /home/jpco245/.m2/repository/org/apache/maven/plugins/maven-dependency-plugin/2.8/maven-dependency-plugin-2.8.jar
7f40faeeb000-7f40faeed000 r--s 00006000 fc:01 4408357                    /home/jpco245/.m2/repository/net/java/sezpoz/sezpoz/1.9/sezpoz-1.9.jar
7f40faeed000-7f40faef8000 r--s 00073000 fc:01 4408356                    /home/jpco245/.m2/repository/org/mortbay/jetty/jsp-api-2.1/6.1.1/jsp-api-2.1-6.1.1.jar
7f40faef8000-7f40faf1b000 r--s 00344000 fc:01 4408353                    /home/jpco245/.m2/repository/org/eclipse/jdt/core/3.1.1/core-3.1.1.jar
7f40faf1b000-7f40faf24000 r--s 00092000 fc:01 4408266                    /home/jpco245/.m2/repository/org/mortbay/jetty/jsp-2.1/6.1.1/jsp-2.1-6.1.1.jar
7f40faf24000-7f40faf2f000 r--s 0006f000 fc:01 4408349                    /home/jpco245/.m2/repository/mx4j/mx4j-tools/3.0.1/mx4j-tools-3.0.1.jar
7f40faf2f000-7f40faf36000 r--s 0005d000 fc:01 4408348                    /home/jpco245/.m2/repository/mx4j/mx4j/3.0.1/mx4j-3.0.1.jar
7f40faf36000-7f40faf38000 r--s 00005000 fc:01 4408347                    /home/jpco245/.m2/repository/org/mortbay/jetty/jetty-management/6.1.1/jetty-management-6.1.1.jar
7f40faf38000-7f40faf39000 r--s 00006000 fc:01 4408345                    /home/jpco245/.m2/repository/org/mortbay/jetty/jetty-naming/6.1.1/jetty-naming-6.1.1.jar
7f40faf39000-7f40faf3b000 r--s 00002000 fc:01 4408295                    /home/jpco245/.m2/repository/geronimo-spec/geronimo-spec-jta/1.0.1B-rc4/geronimo-spec-jta-1.0.1B-rc4.jar
7f40faf3b000-7f40faf3d000 r--s 0000e000 fc:01 4408341                    /home/jpco245/.m2/repository/javax/activation/activation/1.1/activation-1.1.jar
7f40faf3d000-7f40faf43000 r--s 00059000 fc:01 4408339                    /home/jpco245/.m2/repository/javax/mail/mail/1.4/mail-1.4.jar
7f40faf43000-7f40faf45000 r--s 0000c000 fc:01 4408335                    /home/jpco245/.m2/repository/org/mortbay/jetty/jetty-plus/6.1.1/jetty-plus-6.1.1.jar
7f40faf45000-7f40faf47000 r--s 00004000 fc:01 4408305                    /home/jpco245/.m2/repository/org/apache/maven/maven-plugin-tools-api/2.0/maven-plugin-tools-api-2.0.jar
7f40faf47000-7f40faf4a000 r--s 0001e000 fc:01 4408331                    /home/jpco245/.m2/repository/org/mortbay/jetty/servlet-api-2.5/6.1.1/servlet-api-2.5-6.1.1.jar
7f40faf4a000-7f40faf4d000 r--s 0001a000 fc:01 4408327                    /home/jpco245/.m2/repository/org/mortbay/jetty/jetty-util/6.1.1/jetty-util-6.1.1.jar
7f40faf4d000-7f40faf53000 r--s 0006b000 fc:01 4408326                    /home/jpco245/.m2/repository/org/mortbay/jetty/jetty/6.1.1/jetty-6.1.1.jar
7f40faf53000-7f40faf56000 r--s 00019000 fc:01 4408323                    /home/jpco245/.m2/repository/commons-el/commons-el/1.0/commons-el-1.0.jar
7f40faf56000-7f40faf57000 r--s 00009000 fc:01 4408322                    /home/jpco245/.m2/repository/org/mortbay/jetty/maven-jetty-plugin/6.1.1/maven-jetty-plugin-6.1.1.jar
7f40faf57000-7f40faf5a000 r--s 0001d000 fc:01 4408318                    /home/jpco245/.m2/repository/org/codehaus/plexus/plexus-archiver/1.0-alpha-4/plexus-archiver-1.0-alpha-4.jar
7f40faf5a000-7f40faf5b000 r--s 00002000 fc:01 4408317                    /home/jpco245/.m2/repository/org/apache/maven/maven-archiver/2.0.1/maven-archiver-2.0.1.jar
7f40faf5b000-7f40faf5d000 r--s 0000b000 fc:01 4132179                    /home/jpco245/.m2/repository/org/codehaus/plexus/plexus-interpolation/1.11/plexus-interpolation-1.11.jar
7f40faf5d000-7f40faf65000 r--s 00049000 fc:01 4132188                    /home/jpco245/.m2/repository/backport-util-concurrent/backport-util-concurrent/3.1/backport-util-concurrent-3.1.jar
7f40faf65000-7f40faf67000 r--s 00014000 fc:01 4408300                    /home/jpco245/.m2/repository/jline/jline/0.9.94/jline-0.9.94.jar
7f40faf67000-7f40faf68000 r--s 00003000 fc:01 4408298                    /home/jpco245/.m2/repository/asm/asm-tree/2.2.3/asm-tree-2.2.3.jar
7f40faf68000-7f40faf69000 r--s 00004000 fc:01 4408296                    /home/jpco245/.m2/repository/asm/asm-analysis/2.2.3/asm-analysis-2.2.3.jar
7f40faf69000-7f40faf6a000 r--s 00008000 fc:01 4408268                    /home/jpco245/.m2/repository/asm/asm-util/2.2.3/asm-util-2.2.3.jar
7f40faf6a000-7f40faf6b000 r--s 00002000 fc:01 4408291                    /home/jpco245/.m2/repository/org/apache/ant/ant-launcher/1.7.1/ant-launcher-1.7.1.jar
7f40faf6b000-7f40faf7f000 r--s 0012f000 fc:01 4408290                    /home/jpco245/.m2/repository/org/apache/ant/ant/1.7.1/ant-1.7.1.jar
7f40faf7f000-7f40faf82000 r--s 0001b000 fc:01 4130921                    /home/jpco245/.m2/repository/junit/junit/3.8.2/junit-3.8.2.jar
7f40faf82000-7f40faf83000 r--s 00008000 fc:01 4408287                    /home/jpco245/.m2/repository/asm/asm/2.2.3/asm-2.2.3.jar
7f40faf83000-7f40faf88000 r--s 00068000 fc:01 4408286                    /home/jpco245/.m2/repository/antlr/antlr/2.7.7/antlr-2.7.7.jar
7f40faf88000-7f40fafc4000 r--s 0036e000 fc:01 4408284                    /home/jpco245/.m2/repository/org/codehaus/groovy/groovy/1.6.0/groovy-1.6.0.jar
7f40fafc4000-7f40fafc8000 r--s 0001d000 fc:01 4408283                    /home/jpco245/.m2/repository/commons-jexl/commons-jexl/1.0/commons-jexl-1.0.jar
7f40fafc8000-7f40fafcd000 r--s 0003d000 fc:01 4408279                    /home/jpco245/.m2/repository/org/jvnet/hudson/dom4j/dom4j/1.6.1-hudson-3/dom4j-1.6.1-hudson-3.jar
7f40fafcd000-7f40fafd1000 r--s 0001f000 fc:01 4408278                    /home/jpco245/.m2/repository/org/jvnet/hudson/commons-jexl/1.1-hudson-20090508/commons-jexl-1.1-hudson-20090508.jar
7f40fafd1000-7f40fafd5000 r--s 00026000 fc:01 4408276                    /home/jpco245/.m2/repository/org/jenkins-ci/commons-jelly/1.1-jenkins-20110627/commons-jelly-1.1-jenkins-20110627.jar
7f40fafd5000-7f40fafd8000 r--s 00011000 fc:01 4408273                    /home/jpco245/.m2/repository/org/kohsuke/stapler/stapler-jelly/1.169/stapler-jelly-1.169.jar
7f40fafd8000-7f40fafda000 r--s 00005000 fc:01 4408271                    /home/jpco245/.m2/repository/org/kohsuke/stapler/stapler-groovy/1.169/stapler-groovy-1.169.jar
7f40fafda000-7f40fafde000 r--s 00022000 fc:01 4408269                    /home/jpco245/.m2/repository/com/sun/codemodel/codemodel/2.6/codemodel-2.6.jar
7f40fafde000-7f40fb039000 r--s 009a1000 fc:01 4408267                    /home/jpco245/.m2/repository/com/ibm/icu/icu4j/52.1/icu4j-52.1.jar
7f40fb039000-7f40fb03d000 r--s 00034000 fc:01 4408265                    /home/jpco245/.m2/repository/org/codehaus/plexus/plexus-utils/3.0.1/plexus-utils-3.0.1.jar
7f40fb03d000-7f40fb040000 r--s 00019000 fc:01 4408263                    /home/jpco245/.m2/repository/org/jenkins-ci/tools/maven-hpi-plugin/1.106/maven-hpi-plugin-1.106.jar
7f40fb040000-7f40fb240000 rw-p 00000000 00:00 0 
7f40fb240000-7f40fb241000 r--s 00001000 fc:01 4407386                    /home/jpco245/.m2/repository/org/kohsuke/metainf-services/metainf-services/1.2/metainf-services-1.2.jar
7f40fb241000-7f40fb254000 r--s 000d2000 fc:01 4407369                    /home/jpco245/.m2/repository/com/google/guava/guava/r06/guava-r06.jar
7f40fb254000-7f40fb25a000 r--s 00032000 fc:01 4407384                    /home/jpco245/.m2/repository/jaxen/jaxen/1.1.4/jaxen-1.1.4.jar
7f40fb25a000-7f40fb25f000 r--s 00016000 fc:01 4142852                    /home/jpco245/.m2/repository/xml-apis/xml-apis/1.0.b2/xml-apis-1.0.b2.jar
7f40fb25f000-7f40fb264000 r--s 00048000 fc:01 4407379                    /home/jpco245/.m2/repository/dom4j/dom4j/1.6.1/dom4j-1.6.1.jar
7f40fb264000-7f40fb267000 r--s 00027000 fc:01 4407377                    /home/jpco245/.m2/repository/org/codehaus/plexus/plexus-utils/1.0.5/plexus-utils-1.0.5.jar
7f40fb267000-7f40fb26d000 r--s 0002b000 fc:01 4407364                    /home/jpco245/.m2/repository/junit/junit/4.5/junit-4.5.jar
7f40fb26d000-7f40fb270000 r--s 0000c000 fc:01 4407363                    /home/jpco245/.m2/repository/commons-fileupload/commons-fileupload/1.2.1/commons-fileupload-1.2.1.jar
7f40fb270000-7f40fb272000 r--s 00003000 fc:01 4407362                    /home/jpco245/.m2/repository/org/jvnet/tiger-types/1.1/tiger-types-1.1.jar
7f40fb272000-7f40fb275000 r--s 00011000 fc:01 4407357                    /home/jpco245/.m2/repository/net/sf/ezmorph/ezmorph/1.0.3/ezmorph-1.0.3.jar
7f40fb275000-7f40fb279000 r--s 00038000 fc:01 4407356                    /home/jpco245/.m2/repository/commons-lang/commons-lang/2.3/commons-lang-2.3.jar
7f40fb279000-7f40fb286000 r--s 0007f000 fc:01 4142851                    /home/jpco245/.m2/repository/commons-collections/commons-collections/3.2/commons-collections-3.2.jar
7f40fb286000-7f40fb289000 r--s 00018000 fc:01 4407355                    /home/jpco245/.m2/repository/org/kohsuke/stapler/json-lib/2.1/json-lib-2.1-jdk15.jar
7f40fb289000-7f40fb28a000 r--s 00001000 fc:01 4407324                    /home/jpco245/.m2/repository/org/jvnet/localizer/localizer/1.7/localizer-1.7.jar
7f40fb28a000-7f40fb28d000 r--s 00012000 fc:01 4142848                    /home/jpco245/.m2/repository/commons-io/commons-io/1.3.1/commons-io-1.3.1.jar
7f40fb28d000-7f40fb292000 r--s 0002a000 fc:01 4133704                    /home/jpco245/.m2/repository/commons-beanutils/commons-beanutils/1.7.0/commons-beanutils-1.7.0.jar
7f40fb292000-7f40fb294000 r--s 00008000 fc:01 4142846                    /home/jpco245/.m2/repository/commons-logging/commons-logging/1.0.4/commons-logging-1.0.4.jar
7f40fb294000-7f40fb297000 r--s 00010000 fc:01 4407298                    /home/jpco245/.m2/repository/commons-discovery/commons-discovery/0.4/commons-discovery-0.4.jar
7f40fb297000-7f40fb29c000 r--s 00029000 fc:01 4407347                    /home/jpco245/.m2/repository/org/kohsuke/stapler/stapler/1.100/stapler-1.100.jar
7f40fb29c000-7f40fb29e000 r--s 0000e000 fc:01 4407346                    /home/jpco245/.m2/repository/oro/oro/2.0.7/oro-2.0.7.jar
7f40fb29e000-7f40fb2a9000 r--s 00074000 fc:01 4407343                    /home/jpco245/.m2/repository/velocity/velocity-dep/1.4/velocity-dep-1.4.jar
7f40fb2a9000-7f40fb2b1000 r--s 00051000 fc:01 4407341                    /home/jpco245/.m2/repository/velocity/velocity/1.4/velocity-1.4.jar
7f40fb2b1000-7f40fb2b3000 r--s 00005000 fc:01 4407339                    /home/jpco245/.m2/repository/commons-logging/commons-logging-api/1.0.4/commons-logging-api-1.0.4.jar
7f40fb2b3000-7f40fb2b6000 r--s 00025000 fc:01 4407337                    /home/jpco245/.m2/repository/plexus/plexus-utils/1.0.2/plexus-utils-1.0.2.jar
7f40fb2b6000-7f40fb2b7000 r--s 00001000 fc:01 4142844                    /home/jpco245/.m2/repository/org/codehaus/plexus/plexus-velocity/1.1.2/plexus-velocity-1.1.2.jar
7f40fb2b7000-7f40fb2b8000 r--s 00002000 fc:01 4407336                    /home/jpco245/.m2/repository/org/codehaus/plexus/plexus-i18n/1.0-beta-6/plexus-i18n-1.0-beta-6.jar
7f40fb2b8000-7f40fb2b9000 r--s 00002000 fc:01 4407333                    /home/jpco245/.m2/repository/org/apache/maven/doxia/doxia-site-renderer/1.0-alpha-6/doxia-site-renderer-1.0-alpha-6.jar
7f40fb2b9000-7f40fb2c1000 r--s 00043000 fc:01 4407332                    /home/jpco245/.m2/repository/org/apache/maven/doxia/doxia-core/1.0-alpha-6/doxia-core-1.0-alpha-6.jar
7f40fb2c1000-7f40fb2c3000 r--s 00013000 fc:01 4407331                    /home/jpco245/.m2/repository/commons-validator/commons-validator/1.1.4/commons-validator-1.1.4.jar
7f40fb2c3000-7f40fb2c5000 r--s 00005000 fc:01 4407327                    /home/jpco245/.m2/repository/org/apache/maven/reporting/maven-reporting-impl/2.0.1/maven-reporting-impl-2.0.1.jar
7f40fb2c5000-7f40fb2d4000 r--s 000ee000 fc:01 4407326                    /home/jpco245/.m2/repository/ant/ant/1.6.5/ant-1.6.5.jar
7f40fb2d4000-7f40fb2eb000 r--s 00112000 fc:01 4407325                    /home/jpco245/.m2/repository/xerces/xercesImpl/2.8.1/xercesImpl-2.8.1.jar
7f40fb2eb000-7f40fb2ee000 r--s 00019000 fc:01 4407322                    /home/jpco245/.m2/repository/nekohtml/nekohtml/1.9.6.2/nekohtml-1.9.6.2.jar
7f40fb2ee000-7f40fb2f0000 r--s 00002000 fc:01 4132213                    /home/jpco245/.m2/repository/org/codehaus/plexus/plexus-interactivity-api/1.0-alpha-4/plexus-interactivity-api-1.0-alpha-4.jar
7f40fb2f0000-7f40fb2f2000 r--s 00006000 fc:01 4142842                    /home/jpco245/.m2/repository/commons-cli/commons-cli/1.0/commons-cli-1.0.jar
7f40fb2f2000-7f40fb2f3000 r--s 00000000 fc:01 4407310                    /home/jpco245/.m2/repository/org/apache/maven/doxia/doxia-sink-api/1.0-alpha-6/doxia-sink-api-1.0-alpha-6.jar
7f40fb2f3000-7f40fb2f5000 r--s 00000000 fc:01 4407307                    /home/jpco245/.m2/repository/org/apache/maven/reporting/maven-reporting-api/2.0.1/maven-reporting-api-2.0.1.jar
7f40fb2f5000-7f40fb301000 r--s 00058000 fc:01 4407304                    /home/jpco245/.m2/repository/net/java/dev/textile-j/textile-j/2.2.864/textile-j-2.2.864.jar
7f40fb301000-7f40fb303000 r--s 0000e000 fc:01 4407295                    /home/jpco245/.m2/repository/com/sun/xml/txw2/txw2/20090102/txw2-20090102.jar
7f40fb303000-7f40fb305000 r--s 00000000 fc:01 4407293                    /home/jpco245/.m2/repository/org/jvnet/maven-jellydoc-plugin/taglib-xml-writer/1.4/taglib-xml-writer-1.4.jar
7f40fb305000-7f40fb306000 r--s 00000000 fc:01 4407297                    /home/jpco245/.m2/repository/org/jvnet/maven-jellydoc-plugin/jellydoc-annotations/1.4/jellydoc-annotations-1.4.jar
7f40fb306000-7f40fb307000 r--s 00005000 fc:01 4407299                    /home/jpco245/.m2/repository/org/jvnet/maven-jellydoc-plugin/maven-jellydoc-plugin/1.4/maven-jellydoc-plugin-1.4.jar
7f40fb307000-7f40fb308000 r--s 00008000 fc:01 4407291                    /home/jpco245/.m2/repository/org/kohsuke/stapler/maven-stapler-plugin/1.17/maven-stapler-plugin-1.17.jar
7f40fb308000-7f40fb30a000 r--s 00008000 fc:01 4406953                    /home/jpco245/.m2/repository/org/apache/maven/scm/maven-scm-provider-git-commons/1.5/maven-scm-provider-git-commons-1.5.jar
7f40fb30a000-7f40fb30c000 r--s 00005000 fc:01 4406951                    /home/jpco245/.m2/repository/regexp/regexp/1.3/regexp-1.3.jar
7f40fb30c000-7f40fb30e000 r--s 0000c000 fc:01 4406949                    /home/jpco245/.m2/repository/org/apache/maven/scm/maven-scm-provider-gitexe/1.5/maven-scm-provider-gitexe-1.5.jar
7f40fb30e000-7f40fb30f000 r--s 00002000 fc:01 4142822                    /home/jpco245/.m2/repository/org/apache/maven/scm/maven-scm-manager-plexus/1.5/maven-scm-manager-plexus-1.5.jar
7f40fb30f000-7f40fb313000 r--s 00034000 fc:01 4142818                    /home/jpco245/.m2/repository/org/codehaus/plexus/plexus-utils/3.0/plexus-utils-3.0.jar
7f40fb313000-7f40fb316000 r--s 00015000 fc:01 4142820                    /home/jpco245/.m2/repository/org/apache/maven/scm/maven-scm-api/1.5/maven-scm-api-1.5.jar
7f40fb316000-7f40fb317000 r--s 00004000 fc:01 4142816                    /home/jpco245/.m2/repository/org/kohsuke/wagon-gitsite/0.3.5/wagon-gitsite-0.3.5.jar
7f40fb317000-7f40fb517000 rw-p 00000000 00:00 0 
7f40fb517000-7f40fb51c000 r--s 000a7000 fc:01 1822940                    /usr/lib/jvm/java-8-openjdk-amd64/jre/lib/jsse.jar
7f40fb51c000-7f40fb71c000 rw-p 00000000 00:00 0 
7f40fb71c000-7f40fb91c000 rw-p 00000000 00:00 0 
7f40fb91c000-7f40fbb1c000 rw-p 00000000 00:00 0 
7f40fbb1c000-7f40fbb1e000 r--s 00003000 fc:01 29206                      /usr/share/java/jcl-over-slf4j.jar
7f40fbb1e000-7f40fbb20000 r--s 00001000 fc:01 12012                      /usr/share/java/aopalliance-1.0.jar
7f40fbb20000-7f40fbb22000 r--s 00006000 fc:01 15713                      /usr/share/java/maven-resolver-spi.jar
7f40fbb22000-7f40fbb24000 r--s 00000000 fc:01 26531                      /usr/share/java/plexus-component-annotations.jar
7f40fbb24000-7f40fbb25000 r--s 00006000 fc:01 34398                      /usr/share/java/maven3-repository-metadata.jar
7f40fbb25000-7f40fbb28000 r--s 00007000 fc:01 34403                      /usr/share/java/maven3-settings-builder.jar
7f40fbb28000-7f40fbb2a000 r--s 00006000 fc:01 27045                      /usr/share/java/plexus-sec-dispatcher.jar
7f40fbb2a000-7f40fbb2c000 r--s 0000b000 fc:01 15693                      /usr/share/java/wagon-provider-api.jar
7f40fbb2c000-7f40fbb30000 r--s 0001f000 fc:01 15705                      /usr/share/java/maven-resolver-api.jar
7f40fbb30000-7f40fbb33000 r--s 00024000 fc:01 18286                      /usr/share/java/maven-shared-utils.jar
7f40fbb33000-7f40fbb34000 r--s 00004000 fc:01 34405                      /usr/share/java/maven3-slf4j-provider.jar
7f40fbb34000-7f40fbb39000 r--s 00025000 fc:01 34394                      /usr/share/java/maven3-model-builder.jar
7f40fbb39000-7f40fbb3c000 r--s 00011000 fc:01 26543                      /usr/share/java/plexus-interpolation.jar
7f40fbb3c000-7f40fbb3d000 r--s 00001000 fc:01 7811                       /usr/share/java/geronimo-interceptor-3.0-spec.jar
7f40fbb3d000-7f40fbb3f000 r--s 0000d000 fc:01 77594                      /usr/share/java/el-api.jar
7f40fbb3f000-7f40fbb40000 r--s 00000000 fc:01 7803                       /usr/share/java/atinject-jsr330-api-1.0.jar
7f40fbb40000-7f40fbb43000 r--s 0000e000 fc:01 7817                       /usr/share/java/cdi-api.jar
7f40fbb43000-7f40fbb4b000 r--s 00072000 fc:01 8558                       /usr/share/java/commons-lang3.jar
7f40fbb4b000-7f40fbb4e000 r--s 00027000 fc:01 34395                      /usr/share/java/maven3-model.jar
7f40fbb4e000-7f40fbb53000 r--s 00021000 fc:01 15788                      /usr/share/java/maven-resolver-util.jar
7f40fbb53000-7f40fbb57000 r--s 00027000 fc:01 15712                      /usr/share/java/maven-resolver-impl.jar
7f40fbb57000-7f40fbb59000 r--s 00001000 fc:01 34389                      /usr/share/java/maven3-builder-support.jar
7f40fbb59000-7f40fbb5a000 r--s 0000a000 fc:01 34404                      /usr/share/java/maven3-settings.jar
7f40fbb5a000-7f40fbb68000 r--s 0009a000 fc:01 12500                      /usr/share/java/guice.jar
7f40fbb68000-7f40fbb94000 r--s 00208000 fc:01 11452                      /usr/share/java/guava.jar
7f40fbb94000-7f40fbb98000 r--s 0003b000 fc:01 15677                      /usr/share/java/plexus-utils2.jar
7f40fbb98000-7f40fbb9a000 r--s 00008000 fc:01 15706                      /usr/share/java/maven-resolver-connector-basic.jar
7f40fbb9a000-7f40fbbc7000 r--s 001ce000 fc:01 35303                      /usr/share/java/wagon-http-shaded-3.0.0.jar
7f40fbbc7000-7f40fbbc9000 r--s 00005000 fc:01 15786                      /usr/share/java/maven-resolver-transport-wagon.jar
7f40fbbc9000-7f40fbbcf000 r--s 0002d000 fc:01 34379                      /usr/share/java/sisu-plexus.jar
7f40fbbcf000-7f40fbbd2000 r--s 0000a000 fc:01 34387                      /usr/share/java/maven3-artifact.jar
7f40fbbd2000-7f40fbbd4000 r--s 0000d000 fc:01 34399                      /usr/share/java/maven3-resolver-provider.jar
7f40fbbd4000-7f40fbbeb000 r-xp 00000000 fc:01 1817044                    /usr/lib/jvm/java-8-openjdk-amd64/jre/lib/amd64/libnet.so
7f40fbbeb000-7f40fbdeb000 ---p 00017000 fc:01 1817044                    /usr/lib/jvm/java-8-openjdk-amd64/jre/lib/amd64/libnet.so
7f40fbdeb000-7f40fbdec000 r--p 00017000 fc:01 1817044                    /usr/lib/jvm/java-8-openjdk-amd64/jre/lib/amd64/libnet.so
7f40fbdec000-7f40fbded000 rw-p 00018000 fc:01 1817044                    /usr/lib/jvm/java-8-openjdk-amd64/jre/lib/amd64/libnet.so
7f40fbded000-7f40fbdff000 r-xp 00000000 fc:01 1817045                    /usr/lib/jvm/java-8-openjdk-amd64/jre/lib/amd64/libnio.so
7f40fbdff000-7f40fbffe000 ---p 00012000 fc:01 1817045                    /usr/lib/jvm/java-8-openjdk-amd64/jre/lib/amd64/libnio.so
7f40fbffe000-7f40fbfff000 r--p 00011000 fc:01 1817045                    /usr/lib/jvm/java-8-openjdk-amd64/jre/lib/amd64/libnio.so
7f40fbfff000-7f40fc000000 rw-p 00012000 fc:01 1817045                    /usr/lib/jvm/java-8-openjdk-amd64/jre/lib/amd64/libnio.so
7f40fc000000-7f40fc021000 rw-p 00000000 00:00 0 
7f40fc021000-7f4100000000 ---p 00000000 00:00 0 
7f4100000000-7f4100021000 rw-p 00000000 00:00 0 
7f4100021000-7f4104000000 ---p 00000000 00:00 0 
7f4104000000-7f410578f000 rw-p 00000000 00:00 0 
7f410578f000-7f4108000000 ---p 00000000 00:00 0 
7f4108000000-7f4108ba8000 rw-p 00000000 00:00 0 
7f4108ba8000-7f410c000000 ---p 00000000 00:00 0 
7f410c000000-7f410c021000 rw-p 00000000 00:00 0 
7f410c021000-7f4110000000 ---p 00000000 00:00 0 
7f4110000000-7f4110021000 rw-p 00000000 00:00 0 
7f4110021000-7f4114000000 ---p 00000000 00:00 0 
7f4114000000-7f4114021000 rw-p 00000000 00:00 0 
7f4114021000-7f4118000000 ---p 00000000 00:00 0 
7f4118000000-7f4118021000 rw-p 00000000 00:00 0 
7f4118021000-7f411c000000 ---p 00000000 00:00 0 
7f411c000000-7f411c021000 rw-p 00000000 00:00 0 
7f411c021000-7f4120000000 ---p 00000000 00:00 0 
7f4120000000-7f4120001000 r--s 00001000 fc:01 35179                      /usr/share/java/wagon-file.jar
7f4120001000-7f4120003000 r--s 00007000 fc:01 15472                      /usr/share/java/jansi.jar
7f4120003000-7f4120004000 r--s 00000000 fc:01 7803                       /usr/share/java/atinject-jsr330-api-1.0.jar
7f4120004000-7f412000b000 r--s 00054000 fc:01 34371                      /usr/share/java/sisu-inject.jar
7f412000b000-7f412000d000 r--s 0000a000 fc:01 77768                      /usr/share/java/commons-cli.jar
7f412000d000-7f4120010000 r--s 00015000 fc:01 34393                      /usr/share/java/maven3-embedder.jar
7f4120010000-7f4120011000 r--s 00003000 fc:01 26507                      /usr/share/java/plexus-cipher.jar
7f4120011000-7f4120016000 r--s 00030000 fc:01 8202                       /usr/share/java/commons-io.jar
7f4120016000-7f4120017000 r--s 00002000 fc:01 9482                       /usr/share/java/geronimo-annotation-1.3-spec.jar
7f4120017000-7f4120019000 r--s 00009000 fc:01 29322                      /usr/share/java/slf4j-api.jar
7f4120019000-7f4120020000 r--s 00041000 fc:01 34390                      /usr/share/java/maven3-compat.jar
7f4120020000-7f412002d000 r--s 0008b000 fc:01 34391                      /usr/share/java/maven3-core.jar
7f412002d000-7f412002f000 r--s 0000a000 fc:01 34397                      /usr/share/java/maven3-plugin-api.jar
7f412002f000-7f4120060000 rw-p 00000000 00:00 0 
7f4120060000-7f4120063000 r--s 0000f000 fc:01 1818085                    /usr/lib/jvm/java-8-openjdk-amd64/jre/lib/ext/icedtea-sound.jar
7f4120063000-7f4120067000 r--s 0003a000 fc:01 1822826                    /usr/lib/jvm/java-8-openjdk-amd64/jre/lib/ext/sunpkcs11.jar
7f4120067000-7f4120082000 r--s 001d6000 fc:01 1820035                    /usr/lib/jvm/java-8-openjdk-amd64/jre/lib/ext/nashorn.jar
7f4120082000-7f412008c000 r--s 00117000 fc:01 1818087                    /usr/lib/jvm/java-8-openjdk-amd64/jre/lib/ext/localedata.jar
7f412008c000-7f4120092000 r--s 0003d000 fc:01 1822825                    /usr/lib/jvm/java-8-openjdk-amd64/jre/lib/ext/sunjce_provider.jar
7f4120092000-7f41200ad000 r--s 00394000 fc:01 1818074                    /usr/lib/jvm/java-8-openjdk-amd64/jre/lib/ext/cldrdata.jar
7f41200ad000-7f41200ae000 ---p 00000000 00:00 0 
7f41200ae000-7f41201ae000 rw-p 00000000 00:00 0 
7f41201ae000-7f41201b1000 ---p 00000000 00:00 0 
7f41201b1000-7f41202af000 rw-p 00000000 00:00 0 
7f41202af000-7f41202b0000 ---p 00000000 00:00 0 
7f41202b0000-7f41202b3000 ---p 00000000 00:00 0 
7f41202b3000-7f41203b0000 rw-p 00000000 00:00 0 
7f41203b0000-7f41203b1000 ---p 00000000 00:00 0 
7f41203b1000-7f41203b4000 ---p 00000000 00:00 0 
7f41203b4000-7f41204b1000 rw-p 00000000 00:00 0 
7f41204b1000-7f41204b4000 ---p 00000000 00:00 0 
7f41204b4000-7f41205b2000 rw-p 00000000 00:00 0 
7f41205b2000-7f41205e3000 r--p 00000000 fc:01 25818                      /usr/lib/locale/C.UTF-8/LC_CTYPE
7f41205e3000-7f4120756000 r--p 00000000 fc:01 25817                      /usr/lib/locale/C.UTF-8/LC_COLLATE
7f4120756000-7f41208f1000 r--p 00000000 fc:01 38854                      /usr/lib/locale/locale-archive
7f41208f1000-7f41208f4000 ---p 00000000 00:00 0 
7f41208f4000-7f41209f2000 rw-p 00000000 00:00 0 
7f41209f2000-7f41209f5000 ---p 00000000 00:00 0 
7f41209f5000-7f4120af3000 rw-p 00000000 00:00 0 
7f4120af3000-7f4120af4000 ---p 00000000 00:00 0 
7f4120af4000-7f4121560000 rw-p 00000000 00:00 0 
7f4121560000-7f4121732000 r--s 03ca8000 fc:01 1822945                    /usr/lib/jvm/java-8-openjdk-amd64/jre/lib/rt.jar
7f4121732000-7f4124000000 rw-p 00000000 00:00 0 
7f4124000000-7f4124021000 rw-p 00000000 00:00 0 
7f4124021000-7f4128000000 ---p 00000000 00:00 0 
7f4128000000-7f4128002000 r--s 0000b000 fc:01 26518                      /usr/share/java/plexus-classworlds.jar
7f4128002000-7f4128003000 r--s 0000a000 fc:01 1818086                    /usr/lib/jvm/java-8-openjdk-amd64/jre/lib/ext/jaccess.jar
7f4128003000-7f4128005000 r--s 00007000 fc:01 76117                      /usr/share/java/java-atk-wrapper.jar
7f4128005000-7f4128007000 r--s 00001000 fc:01 1818084                    /usr/lib/jvm/java-8-openjdk-amd64/jre/lib/ext/dnsns.jar
7f4128007000-7f4128008000 r--s 00010000 fc:01 1822922                    /usr/lib/jvm/java-8-openjdk-amd64/jre/lib/ext/zipfs.jar
7f4128008000-7f4128009000 r--s 0000d000 fc:01 1820037                    /usr/lib/jvm/java-8-openjdk-amd64/jre/lib/ext/sunec.jar
7f4128009000-7f412800a000 r--p 00000000 fc:01 25824                      /usr/lib/locale/C.UTF-8/LC_NUMERIC
7f412800a000-7f412800b000 r--p 00000000 fc:01 25827                      /usr/lib/locale/C.UTF-8/LC_TIME
7f412800b000-7f412800c000 r--p 00000000 fc:01 25822                      /usr/lib/locale/C.UTF-8/LC_MONETARY
7f412800c000-7f412800d000 r--p 00000000 fc:01 25821                      /usr/lib/locale/C.UTF-8/LC_MESSAGES/SYS_LC_MESSAGES
7f412800d000-7f412800e000 r--p 00000000 fc:01 25825                      /usr/lib/locale/C.UTF-8/LC_PAPER
7f412800e000-7f412800f000 ---p 00000000 00:00 0 
7f412800f000-7f412810f000 rw-p 00000000 00:00 0 
7f412810f000-7f4128110000 ---p 00000000 00:00 0 
7f4128110000-7f4128225000 rw-p 00000000 00:00 0 
7f4128225000-7f4128359000 ---p 00000000 00:00 0 
7f4128359000-7f41283a1000 rw-p 00000000 00:00 0 
7f41283a1000-7f41283fe000 ---p 00000000 00:00 0 
7f41283fe000-7f4128435000 rw-p 00000000 00:00 0 
7f4128435000-7f41287bf000 ---p 00000000 00:00 0 
7f41287bf000-7f412951f000 rwxp 00000000 00:00 0 
7f412951f000-7f41377bf000 ---p 00000000 00:00 0 
7f41377bf000-7f41377c7000 r-xp 00000000 fc:01 1817052                    /usr/lib/jvm/java-8-openjdk-amd64/jre/lib/amd64/libzip.so
7f41377c7000-7f41379c6000 ---p 00008000 fc:01 1817052                    /usr/lib/jvm/java-8-openjdk-amd64/jre/lib/amd64/libzip.so
7f41379c6000-7f41379c7000 r--p 00007000 fc:01 1817052                    /usr/lib/jvm/java-8-openjdk-amd64/jre/lib/amd64/libzip.so
7f41379c7000-7f41379c8000 rw-p 00008000 fc:01 1817052                    /usr/lib/jvm/java-8-openjdk-amd64/jre/lib/amd64/libzip.so
7f41379c8000-7f41379d3000 r-xp 00000000 fc:01 47531                      /lib/x86_64-linux-gnu/libnss_files-2.27.so
7f41379d3000-7f4137bd2000 ---p 0000b000 fc:01 47531                      /lib/x86_64-linux-gnu/libnss_files-2.27.so
7f4137bd2000-7f4137bd3000 r--p 0000a000 fc:01 47531                      /lib/x86_64-linux-gnu/libnss_files-2.27.so
7f4137bd3000-7f4137bd4000 rw-p 0000b000 fc:01 47531                      /lib/x86_64-linux-gnu/libnss_files-2.27.so
7f4137bd4000-7f4137bda000 rw-p 00000000 00:00 0 
7f4137bda000-7f4137bf1000 r-xp 00000000 fc:01 30395                      /lib/x86_64-linux-gnu/libnsl-2.27.so
7f4137bf1000-7f4137df0000 ---p 00017000 fc:01 30395                      /lib/x86_64-linux-gnu/libnsl-2.27.so
7f4137df0000-7f4137df1000 r--p 00016000 fc:01 30395                      /lib/x86_64-linux-gnu/libnsl-2.27.so
7f4137df1000-7f4137df2000 rw-p 00017000 fc:01 30395                      /lib/x86_64-linux-gnu/libnsl-2.27.so
7f4137df2000-7f4137df4000 rw-p 00000000 00:00 0 
7f4137df4000-7f4137dff000 r-xp 00000000 fc:01 47534                      /lib/x86_64-linux-gnu/libnss_nis-2.27.so
7f4137dff000-7f4137ffe000 ---p 0000b000 fc:01 47534                      /lib/x86_64-linux-gnu/libnss_nis-2.27.so
7f4137ffe000-7f4137fff000 r--p 0000a000 fc:01 47534                      /lib/x86_64-linux-gnu/libnss_nis-2.27.so
7f4137fff000-7f4138000000 rw-p 0000b000 fc:01 47534                      /lib/x86_64-linux-gnu/libnss_nis-2.27.so
7f4138000000-7f413969a000 rw-p 00000000 00:00 0 
7f413969a000-7f413c000000 ---p 00000000 00:00 0 
7f413c000000-7f413c08b000 rw-p 00000000 00:00 0 
7f413c08b000-7f413c1c0000 ---p 00000000 00:00 0 
7f413c1c0000-7f413c1c8000 r-xp 00000000 fc:01 47527                      /lib/x86_64-linux-gnu/libnss_compat-2.27.so
7f413c1c8000-7f413c3c8000 ---p 00008000 fc:01 47527                      /lib/x86_64-linux-gnu/libnss_compat-2.27.so
7f413c3c8000-7f413c3c9000 r--p 00008000 fc:01 47527                      /lib/x86_64-linux-gnu/libnss_compat-2.27.so
7f413c3c9000-7f413c3ca000 rw-p 00009000 fc:01 47527                      /lib/x86_64-linux-gnu/libnss_compat-2.27.so
7f413c3ca000-7f413c3f4000 r-xp 00000000 fc:01 1817015                    /usr/lib/jvm/java-8-openjdk-amd64/jre/lib/amd64/libjava.so
7f413c3f4000-7f413c5f3000 ---p 0002a000 fc:01 1817015                    /usr/lib/jvm/java-8-openjdk-amd64/jre/lib/amd64/libjava.so
7f413c5f3000-7f413c5f4000 r--p 00029000 fc:01 1817015                    /usr/lib/jvm/java-8-openjdk-amd64/jre/lib/amd64/libjava.so
7f413c5f4000-7f413c5f6000 rw-p 0002a000 fc:01 1817015                    /usr/lib/jvm/java-8-openjdk-amd64/jre/lib/amd64/libjava.so
7f413c5f6000-7f413c606000 r-xp 00000000 fc:01 1817051                    /usr/lib/jvm/java-8-openjdk-amd64/jre/lib/amd64/libverify.so
7f413c606000-7f413c805000 ---p 00010000 fc:01 1817051                    /usr/lib/jvm/java-8-openjdk-amd64/jre/lib/amd64/libverify.so
7f413c805000-7f413c807000 r--p 0000f000 fc:01 1817051                    /usr/lib/jvm/java-8-openjdk-amd64/jre/lib/amd64/libverify.so
7f413c807000-7f413c808000 rw-p 00011000 fc:01 1817051                    /usr/lib/jvm/java-8-openjdk-amd64/jre/lib/amd64/libverify.so
7f413c808000-7f413c80f000 r-xp 00000000 fc:01 47547                      /lib/x86_64-linux-gnu/librt-2.27.so
7f413c80f000-7f413ca0e000 ---p 00007000 fc:01 47547                      /lib/x86_64-linux-gnu/librt-2.27.so
7f413ca0e000-7f413ca0f000 r--p 00006000 fc:01 47547                      /lib/x86_64-linux-gnu/librt-2.27.so
7f413ca0f000-7f413ca10000 rw-p 00007000 fc:01 47547                      /lib/x86_64-linux-gnu/librt-2.27.so
7f413ca10000-7f413ca27000 r-xp 00000000 fc:01 15773                      /lib/x86_64-linux-gnu/libgcc_s.so.1
7f413ca27000-7f413cc26000 ---p 00017000 fc:01 15773                      /lib/x86_64-linux-gnu/libgcc_s.so.1
7f413cc26000-7f413cc27000 r--p 00016000 fc:01 15773                      /lib/x86_64-linux-gnu/libgcc_s.so.1
7f413cc27000-7f413cc28000 rw-p 00017000 fc:01 15773                      /lib/x86_64-linux-gnu/libgcc_s.so.1
7f413cc28000-7f413cdc5000 r-xp 00000000 fc:01 29621                      /lib/x86_64-linux-gnu/libm-2.27.so
7f413cdc5000-7f413cfc4000 ---p 0019d000 fc:01 29621                      /lib/x86_64-linux-gnu/libm-2.27.so
7f413cfc4000-7f413cfc5000 r--p 0019c000 fc:01 29621                      /lib/x86_64-linux-gnu/libm-2.27.so
7f413cfc5000-7f413cfc6000 rw-p 0019d000 fc:01 29621                      /lib/x86_64-linux-gnu/libm-2.27.so
7f413cfc6000-7f413d13f000 r-xp 00000000 fc:01 47831                      /usr/lib/x86_64-linux-gnu/libstdc++.so.6.0.25
7f413d13f000-7f413d33f000 ---p 00179000 fc:01 47831                      /usr/lib/x86_64-linux-gnu/libstdc++.so.6.0.25
7f413d33f000-7f413d349000 r--p 00179000 fc:01 47831                      /usr/lib/x86_64-linux-gnu/libstdc++.so.6.0.25
7f413d349000-7f413d34b000 rw-p 00183000 fc:01 47831                      /usr/lib/x86_64-linux-gnu/libstdc++.so.6.0.25
7f413d34b000-7f413d34f000 rw-p 00000000 00:00 0 
7f413d34f000-7f413dff7000 r-xp 00000000 fc:01 1817054                    /usr/lib/jvm/java-8-openjdk-amd64/jre/lib/amd64/server/libjvm.so
7f413dff7000-7f413e1f7000 ---p 00ca8000 fc:01 1817054                    /usr/lib/jvm/java-8-openjdk-amd64/jre/lib/amd64/server/libjvm.so
7f413e1f7000-7f413e28b000 r--p 00ca8000 fc:01 1817054                    /usr/lib/jvm/java-8-openjdk-amd64/jre/lib/amd64/server/libjvm.so
7f413e28b000-7f413e2b4000 rw-p 00d3c000 fc:01 1817054                    /usr/lib/jvm/java-8-openjdk-amd64/jre/lib/amd64/server/libjvm.so
7f413e2b4000-7f413e2e4000 rw-p 00000000 00:00 0 
7f413e2e4000-7f413e2fe000 r-xp 00000000 fc:01 47544                      /lib/x86_64-linux-gnu/libpthread-2.27.so
7f413e2fe000-7f413e4fd000 ---p 0001a000 fc:01 47544                      /lib/x86_64-linux-gnu/libpthread-2.27.so
7f413e4fd000-7f413e4fe000 r--p 00019000 fc:01 47544                      /lib/x86_64-linux-gnu/libpthread-2.27.so
7f413e4fe000-7f413e4ff000 rw-p 0001a000 fc:01 47544                      /lib/x86_64-linux-gnu/libpthread-2.27.so
7f413e4ff000-7f413e503000 rw-p 00000000 00:00 0 
7f413e503000-7f413e506000 r-xp 00000000 fc:01 29619                      /lib/x86_64-linux-gnu/libdl-2.27.so
7f413e506000-7f413e705000 ---p 00003000 fc:01 29619                      /lib/x86_64-linux-gnu/libdl-2.27.so
7f413e705000-7f413e706000 r--p 00002000 fc:01 29619                      /lib/x86_64-linux-gnu/libdl-2.27.so
7f413e706000-7f413e707000 rw-p 00003000 fc:01 29619                      /lib/x86_64-linux-gnu/libdl-2.27.so
7f413e707000-7f413e723000 r-xp 00000000 fc:01 2187                       /lib/x86_64-linux-gnu/libz.so.1.2.11
7f413e723000-7f413e922000 ---p 0001c000 fc:01 2187                       /lib/x86_64-linux-gnu/libz.so.1.2.11
7f413e922000-7f413e923000 r--p 0001b000 fc:01 2187                       /lib/x86_64-linux-gnu/libz.so.1.2.11
7f413e923000-7f413e924000 rw-p 0001c000 fc:01 2187                       /lib/x86_64-linux-gnu/libz.so.1.2.11
7f413e924000-7f413eb0b000 r-xp 00000000 fc:01 13724                      /lib/x86_64-linux-gnu/libc-2.27.so
7f413eb0b000-7f413ed0b000 ---p 001e7000 fc:01 13724                      /lib/x86_64-linux-gnu/libc-2.27.so
7f413ed0b000-7f413ed0f000 r--p 001e7000 fc:01 13724                      /lib/x86_64-linux-gnu/libc-2.27.so
7f413ed0f000-7f413ed11000 rw-p 001eb000 fc:01 13724                      /lib/x86_64-linux-gnu/libc-2.27.so
7f413ed11000-7f413ed15000 rw-p 00000000 00:00 0 
7f413ed15000-7f413ed23000 r-xp 00000000 fc:01 1816974                    /usr/lib/jvm/java-8-openjdk-amd64/jre/lib/amd64/jli/libjli.so
7f413ed23000-7f413ef22000 ---p 0000e000 fc:01 1816974                    /usr/lib/jvm/java-8-openjdk-amd64/jre/lib/amd64/jli/libjli.so
7f413ef22000-7f413ef23000 r--p 0000d000 fc:01 1816974                    /usr/lib/jvm/java-8-openjdk-amd64/jre/lib/amd64/jli/libjli.so
7f413ef23000-7f413ef24000 rw-p 0000e000 fc:01 1816974                    /usr/lib/jvm/java-8-openjdk-amd64/jre/lib/amd64/jli/libjli.so
7f413ef24000-7f413ef4b000 r-xp 00000000 fc:01 13292                      /lib/x86_64-linux-gnu/ld-2.27.so
7f413ef4b000-7f413ef4c000 r--p 00000000 fc:01 25823                      /usr/lib/locale/C.UTF-8/LC_NAME
7f413ef4c000-7f413ef4d000 r--p 00000000 fc:01 25816                      /usr/lib/locale/C.UTF-8/LC_ADDRESS
7f413ef4d000-7f413ef4e000 r--p 00000000 fc:01 25826                      /usr/lib/locale/C.UTF-8/LC_TELEPHONE
7f413ef4e000-7f413ef4f000 r--p 00000000 fc:01 25820                      /usr/lib/locale/C.UTF-8/LC_MEASUREMENT
7f413ef4f000-7f413f020000 rw-p 00000000 00:00 0 
7f413f020000-7f413f021000 ---p 00000000 00:00 0 
7f413f021000-7f413f024000 ---p 00000000 00:00 0 
7f413f024000-7f413f123000 rw-p 00000000 00:00 0 
7f413f123000-7f413f12a000 r--s 00000000 fc:01 48023                      /usr/lib/x86_64-linux-gnu/gconv/gconv-modules.cache
7f413f12a000-7f413f12b000 r--p 00000000 fc:01 25819                      /usr/lib/locale/C.UTF-8/LC_IDENTIFICATION
7f413f12b000-7f413f13f000 rw-p 00000000 00:00 0 
7f413f13f000-7f413f147000 rw-s 00000000 fc:01 3891611                    /tmp/hsperfdata_jpco245/10218
7f413f147000-7f413f148000 rw-p 00000000 00:00 0 
7f413f148000-7f413f149000 ---p 00000000 00:00 0 
7f413f149000-7f413f14b000 rw-p 00000000 00:00 0 
7f413f14b000-7f413f14c000 r--p 00027000 fc:01 13292                      /lib/x86_64-linux-gnu/ld-2.27.so
7f413f14c000-7f413f14d000 rw-p 00028000 fc:01 13292                      /lib/x86_64-linux-gnu/ld-2.27.so
7f413f14d000-7f413f14e000 rw-p 00000000 00:00 0 
7ffd8fc68000-7ffd8fc89000 rw-p 00000000 00:00 0                          [stack]
7ffd8fcae000-7ffd8fcb1000 r--p 00000000 00:00 0                          [vvar]
7ffd8fcb1000-7ffd8fcb3000 r-xp 00000000 00:00 0                          [vdso]
ffffffffff600000-ffffffffff601000 r-xp 00000000 00:00 0                  [vsyscall]

VM Arguments:
jvm_args: -Dclassworlds.conf=/usr/share/maven/bin/m2.conf -Dmaven.home=/usr/share/maven -Dlibrary.jansi.path=/usr/share/maven/lib/jansi-native -Dmaven.multiModuleProjectDirectory=/home/jpco245/mp3/mp3/jenkins 
java_command: org.codehaus.plexus.classworlds.launcher.Launcher clean -Plight-test install
java_class_path (initial): /usr/share/maven/boot/plexus-classworlds-2.x.jar
Launcher Type: SUN_STANDARD

Environment Variables:
JAVA_HOME=/usr/lib/jvm/java-8-openjdk-amd64
PATH=/usr/lib/jvm/java-8-openjdk-amd64/jre/bin:/usr/lib/jvm/java-8-openjdk-amd64/jre/bin:/usr/local/sbin:/usr/local/bin:/usr/sbin:/usr/bin:/sbin:/bin:/usr/games:/usr/local/games:/snap/bin
SHELL=/bin/bash
DISPLAY=:0

Signal Handlers:
SIGSEGV: [libjvm.so+0xabb430], sa_mask[0]=11111111011111111101111111111110, sa_flags=SA_RESTART|SA_SIGINFO
SIGBUS: [libjvm.so+0xabb430], sa_mask[0]=11111111011111111101111111111110, sa_flags=SA_RESTART|SA_SIGINFO
SIGFPE: [libjvm.so+0x8eb5b0], sa_mask[0]=11111111011111111101111111111110, sa_flags=SA_RESTART|SA_SIGINFO
SIGPIPE: [libjvm.so+0x8eb5b0], sa_mask[0]=11111111011111111101111111111110, sa_flags=SA_RESTART|SA_SIGINFO
SIGXFSZ: [libjvm.so+0x8eb5b0], sa_mask[0]=11111111011111111101111111111110, sa_flags=SA_RESTART|SA_SIGINFO
SIGILL: [libjvm.so+0x8eb5b0], sa_mask[0]=11111111011111111101111111111110, sa_flags=SA_RESTART|SA_SIGINFO
SIGUSR1: SIG_DFL, sa_mask[0]=00000000000000000000000000000000, sa_flags=none
SIGUSR2: [libjvm.so+0x8eb460], sa_mask[0]=00000000000000000000000000000000, sa_flags=SA_RESTART|SA_SIGINFO
SIGHUP: [libjvm.so+0x8ebad0], sa_mask[0]=11111111011111111101111111111110, sa_flags=SA_RESTART|SA_SIGINFO
SIGINT: [libjvm.so+0x8ebad0], sa_mask[0]=11111111011111111101111111111110, sa_flags=SA_RESTART|SA_SIGINFO
SIGTERM: [libjvm.so+0x8ebad0], sa_mask[0]=11111111011111111101111111111110, sa_flags=SA_RESTART|SA_SIGINFO
SIGQUIT: [libjvm.so+0x8ebad0], sa_mask[0]=11111111011111111101111111111110, sa_flags=SA_RESTART|SA_SIGINFO


---------------  S Y S T E M  ---------------

OS:DISTRIB_ID=Ubuntu
DISTRIB_RELEASE=18.04
DISTRIB_CODENAME=bionic
DISTRIB_DESCRIPTION="Ubuntu 18.04.5 LTS"

uname:Linux 4.15.0-112-generic #113-Ubuntu SMP Thu Jul 9 23:41:39 UTC 2020 x86_64
libc:glibc 2.27 NPTL 2.27 
rlimit: STACK 8192k, CORE 0k, NPROC 15517, NOFILE 4096, AS infinity
load average:0.50 0.35 0.40

/proc/meminfo:
MemTotal:        4039136 kB
MemFree:          104132 kB
MemAvailable:      56464 kB
Buffers:            5312 kB
Cached:           236688 kB
SwapCached:            0 kB
Active:          3559140 kB
Inactive:         164284 kB
Active(anon):    3514752 kB
Inactive(anon):   108332 kB
Active(file):      44388 kB
Inactive(file):    55952 kB
Unevictable:          64 kB
Mlocked:              64 kB
SwapTotal:             0 kB
SwapFree:              0 kB
Dirty:                48 kB
Writeback:             0 kB
AnonPages:       3481712 kB
Mapped:           221188 kB
Shmem:            141436 kB
Slab:             109924 kB
SReclaimable:      45480 kB
SUnreclaim:        64444 kB
KernelStack:       12784 kB
PageTables:        48944 kB
NFS_Unstable:          0 kB
Bounce:                0 kB
WritebackTmp:          0 kB
CommitLimit:     2019568 kB
Committed_AS:    8026136 kB
VmallocTotal:   34359738367 kB
VmallocUsed:           0 kB
VmallocChunk:          0 kB
HardwareCorrupted:     0 kB
AnonHugePages:         0 kB
ShmemHugePages:        0 kB
ShmemPmdMapped:        0 kB
CmaTotal:              0 kB
CmaFree:               0 kB
HugePages_Total:       0
HugePages_Free:        0
HugePages_Rsvd:        0
HugePages_Surp:        0
Hugepagesize:       2048 kB
DirectMap4k:      237416 kB
DirectMap2M:     3956736 kB
DirectMap1G:     2097152 kB

container (cgroup) information:
container_type: cgroupv1
cpu_cpuset_cpus: 0-1
cpu_memory_nodes: 0
active_processor_count: 2
cpu_quota: -1
cpu_period: 100000
cpu_shares: -1
memory_limit_in_bytes: -1
memory_and_swap_limit_in_bytes: -2
memory_soft_limit_in_bytes: -1
memory_usage_in_bytes: 3557355520
memory_max_usage_in_bytes: 3589685248


CPU:total 2 (initial active 2) (1 cores per cpu, 1 threads per core) family 6 model 85 stepping 4, cmov, cx8, fxsr, mmx, sse, sse2, sse3, ssse3, sse4.1, sse4.2, popcnt, avx, avx2, aes, clmul, erms, 3dnowpref, lzcnt, tsc, bmi1, bmi2, adx

/proc/cpuinfo:
processor	: 0
vendor_id	: GenuineIntel
cpu family	: 6
model		: 85
model name	: Intel Xeon Processor (Skylake, IBRS)
stepping	: 4
microcode	: 0x1
cpu MHz		: 2095.078
cache size	: 16384 KB
physical id	: 0
siblings	: 1
core id		: 0
cpu cores	: 1
apicid		: 0
initial apicid	: 0
fpu		: yes
fpu_exception	: yes
cpuid level	: 13
wp		: yes
flags		: fpu vme de pse tsc msr pae mce cx8 apic sep mtrr pge mca cmov pat pse36 clflush mmx fxsr sse sse2 ss syscall nx pdpe1gb rdtscp lm constant_tsc rep_good nopl xtopology cpuid tsc_known_freq pni pclmulqdq vmx ssse3 fma cx16 pcid sse4_1 sse4_2 x2apic movbe popcnt tsc_deadline_timer aes xsave avx f16c rdrand hypervisor lahf_lm abm 3dnowprefetch cpuid_fault invpcid_single pti ssbd ibrs ibpb tpr_shadow vnmi flexpriority ept vpid fsgsbase tsc_adjust bmi1 avx2 smep bmi2 erms invpcid mpx avx512f avx512dq rdseed adx smap clflushopt clwb avx512cd avx512bw avx512vl xsaveopt xsavec xgetbv1 xsaves arat pku ospke avx512_vnni md_clear arch_capabilities
bugs		: cpu_meltdown spectre_v1 spectre_v2 spec_store_bypass l1tf mds swapgs itlb_multihit
bogomips	: 4190.15
clflush size	: 64
cache_alignment	: 64
address sizes	: 40 bits physical, 48 bits virtual
power management:

processor	: 1
vendor_id	: GenuineIntel
cpu family	: 6
model		: 85
model name	: Intel Xeon Processor (Skylake, IBRS)
stepping	: 4
microcode	: 0x1
cpu MHz		: 2095.078
cache size	: 16384 KB
physical id	: 1
siblings	: 1
core id		: 0
cpu cores	: 1
apicid		: 1
initial apicid	: 1
fpu		: yes
fpu_exception	: yes
cpuid level	: 13
wp		: yes
flags		: fpu vme de pse tsc msr pae mce cx8 apic sep mtrr pge mca cmov pat pse36 clflush mmx fxsr sse sse2 ss syscall nx pdpe1gb rdtscp lm constant_tsc rep_good nopl xtopology cpuid tsc_known_freq pni pclmulqdq vmx ssse3 fma cx16 pcid sse4_1 sse4_2 x2apic movbe popcnt tsc_deadline_timer aes xsave avx f16c rdrand hypervisor lahf_lm abm 3dnowprefetch cpuid_fault invpcid_single pti ssbd ibrs ibpb tpr_shadow vnmi flexpriority ept vpid fsgsbase tsc_adjust bmi1 avx2 smep bmi2 erms invpcid mpx avx512f avx512dq rdseed adx smap clflushopt clwb avx512cd avx512bw avx512vl xsaveopt xsavec xgetbv1 xsaves arat pku ospke avx512_vnni md_clear arch_capabilities
bugs		: cpu_meltdown spectre_v1 spectre_v2 spec_store_bypass l1tf mds swapgs itlb_multihit
bogomips	: 4190.15
clflush size	: 64
cache_alignment	: 64
address sizes	: 40 bits physical, 48 bits virtual
power management:



Memory: 4k page, physical 4039136k(104008k free), swap 0k(0k free)

vm_info: OpenJDK 64-Bit Server VM (25.265-b01) for linux-amd64 JRE (1.8.0_265-8u265-b01-0ubuntu2~18.04-b01), built on Aug  3 2020 01:16:56 by "buildd" with gcc 7.5.0

time: Thu Oct 29 06:59:38 2020
timezone: EDT
elapsed time: 9 seconds (0d 0h 0m 9s)

